{
  "RSpec": {
    "coverage": {
      "/mnt/c/Users/mary8/OneDrive/Desktop/SOA/final_project/Eventure/api-Eventure/require_app.rb": {
        "lines": [
          null,
          null,
          null,
          null,
          null,
          null,
          null,
          null,
          null,
          1,
          5,
          1,
          null,
          1,
          47,
          null,
          null
        ]
      },
      "/mnt/c/Users/mary8/OneDrive/Desktop/SOA/final_project/Eventure/api-Eventure/config/environment.rb": {
        "lines": [
          null,
          null,
          1,
          1,
          1,
          1,
          1,
          1,
          1,
          null,
          1,
          null,
          1,
          1,
          null,
          null,
          1,
          null,
          null,
          null,
          1,
          1,
          null,
          1,
          null,
          1,
          1,
          null,
          null,
          null,
          1,
          0,
          null,
          null,
          null,
          null,
          null,
          1,
          0,
          null,
          null,
          null,
          null,
          null,
          null,
          1,
          1,
          null,
          null
        ]
      },
      "/mnt/c/Users/mary8/OneDrive/Desktop/SOA/final_project/Eventure/api-Eventure/app/domain/entities/activity.rb": {
        "lines": [
          null,
          null,
          1,
          1,
          1,
          1,
          1,
          1,
          1,
          null,
          1,
          1,
          null,
          1,
          1,
          null,
          1,
          1,
          1,
          1,
          1,
          1,
          1,
          1,
          1,
          1,
          null,
          null,
          null,
          1,
          1,
          null,
          1,
          2627,
          null,
          null,
          1,
          2801,
          null,
          null,
          null,
          null,
          null,
          null,
          1,
          4,
          null,
          null,
          1,
          2039,
          null,
          null,
          1,
          3,
          null,
          null,
          1,
          3,
          null,
          null,
          1,
          1000,
          null,
          null,
          1,
          500,
          null,
          null,
          1,
          400,
          null,
          null,
          1,
          0,
          null,
          null,
          1,
          2,
          null,
          null,
          1,
          2,
          null,
          null,
          1,
          400,
          null,
          null,
          1,
          400,
          null,
          null,
          null,
          null,
          null,
          null,
          null
        ]
      },
      "/mnt/c/Users/mary8/OneDrive/Desktop/SOA/final_project/Eventure/api-Eventure/app/domain/entities/tag.rb": {
        "lines": [
          null,
          null,
          1,
          1,
          null,
          1,
          1,
          null,
          1,
          1,
          null,
          1,
          1,
          null,
          null,
          null
        ]
      },
      "/mnt/c/Users/mary8/OneDrive/Desktop/SOA/final_project/Eventure/api-Eventure/app/domain/entities/relatedata.rb": {
        "lines": [
          null,
          null,
          1,
          1,
          null,
          1,
          1,
          null,
          1,
          1,
          null,
          1,
          1,
          1,
          null,
          null,
          null
        ]
      },
      "/mnt/c/Users/mary8/OneDrive/Desktop/SOA/final_project/Eventure/api-Eventure/app/domain/values/location.rb": {
        "lines": [
          null,
          null,
          1,
          1,
          null,
          1,
          1,
          null,
          1,
          1,
          null,
          1,
          null,
          1,
          3101,
          null,
          null,
          1,
          1000,
          null,
          null,
          null,
          1,
          500,
          null,
          null,
          null,
          null,
          null
        ]
      },
      "/mnt/c/Users/mary8/OneDrive/Desktop/SOA/final_project/Eventure/api-Eventure/app/domain/values/activity_date.rb": {
        "lines": [
          null,
          null,
          1,
          1,
          1,
          null,
          1,
          1,
          null,
          1,
          1,
          null,
          1,
          1,
          null,
          1,
          400,
          400,
          400,
          400,
          null,
          null,
          1,
          400,
          400,
          null,
          72,
          null,
          68,
          null,
          null,
          null,
          null,
          null,
          null,
          null,
          null,
          null,
          1,
          328,
          null,
          null,
          1,
          4,
          null,
          null,
          1,
          100,
          null,
          null,
          null,
          null
        ]
      },
      "/mnt/c/Users/mary8/OneDrive/Desktop/SOA/final_project/Eventure/api-Eventure/app/domain/entities/user.rb": {
        "lines": [
          null,
          null,
          1,
          1,
          null,
          1,
          1,
          null,
          1,
          1,
          null,
          1,
          1,
          1,
          1,
          1,
          1,
          null,
          1,
          1,
          null,
          null,
          1,
          1,
          null,
          null,
          1,
          2,
          null,
          1,
          null,
          null,
          1,
          3,
          null,
          null,
          1,
          2,
          null,
          1,
          null,
          null,
          1,
          3,
          null,
          null,
          1,
          8,
          null,
          7,
          null,
          null,
          1,
          2,
          null,
          null,
          1,
          4,
          null,
          3,
          null,
          null,
          1,
          2,
          null,
          null,
          1,
          1,
          null,
          null,
          null,
          null,
          null,
          null,
          1,
          2,
          null,
          null,
          1,
          null,
          1,
          18,
          null,
          null,
          null,
          null
        ]
      },
      "/mnt/c/Users/mary8/OneDrive/Desktop/SOA/final_project/Eventure/api-Eventure/app/domain/entities/user_temp.rb": {
        "lines": [
          null,
          null,
          1,
          1,
          null,
          1,
          1,
          null,
          1,
          1,
          null,
          1,
          0,
          0,
          0,
          0,
          0,
          0,
          null,
          null,
          1,
          0,
          null,
          0,
          null,
          null,
          1,
          0,
          null,
          null,
          1,
          0,
          null,
          null,
          null,
          null,
          null,
          null,
          1,
          0,
          null,
          null,
          1,
          null,
          1,
          0,
          null,
          null,
          null,
          null
        ]
      },
      "/mnt/c/Users/mary8/OneDrive/Desktop/SOA/final_project/Eventure/api-Eventure/app/domain/values/filter.rb": {
        "lines": [
          null,
          null,
          1,
          1,
          null,
          1,
          1,
          null,
          1,
          1,
          null,
          1,
          1,
          1,
          null,
          1,
          0,
          0,
          0,
          null,
          null,
          1,
          0,
          null,
          null,
          1,
          null,
          1,
          0,
          0,
          null,
          0,
          null,
          null,
          null,
          null,
          1,
          0,
          null,
          0,
          0,
          null,
          null,
          1,
          0,
          null,
          0,
          0,
          null,
          0,
          null,
          null,
          null,
          null
        ]
      },
      "/mnt/c/Users/mary8/OneDrive/Desktop/SOA/final_project/Eventure/api-Eventure/app/domain/values/saved.rb": {
        "lines": [
          null,
          null,
          1,
          1,
          null,
          1,
          1,
          null,
          1,
          1,
          null,
          1,
          null,
          1,
          2,
          null,
          null,
          1,
          0,
          null,
          null,
          1,
          0,
          null,
          null,
          1,
          0,
          null,
          null,
          null,
          null
        ]
      },
      "/mnt/c/Users/mary8/OneDrive/Desktop/SOA/final_project/Eventure/api-Eventure/app/infrastructure/cache/redis_cache.rb": {
        "lines": [
          null,
          null,
          1,
          null,
          1,
          1,
          null,
          1,
          1,
          0,
          null,
          null,
          1,
          0,
          null,
          null,
          1,
          0,
          null,
          null,
          null,
          null
        ]
      },
      "/mnt/c/Users/mary8/OneDrive/Desktop/SOA/final_project/Eventure/api-Eventure/app/infrastructure/database/orm/activity_orm.rb": {
        "lines": [
          null,
          null,
          1,
          null,
          1,
          1,
          null,
          1,
          1,
          null,
          null,
          null,
          null,
          1,
          null,
          null,
          null,
          null,
          null,
          null
        ]
      },
      "/mnt/c/Users/mary8/OneDrive/Desktop/SOA/final_project/Eventure/api-Eventure/app/infrastructure/database/orm/relatedata_orm.rb": {
        "lines": [
          null,
          null,
          1,
          null,
          1,
          1,
          null,
          1,
          1,
          null,
          null,
          null,
          null,
          null,
          null
        ]
      },
      "/mnt/c/Users/mary8/OneDrive/Desktop/SOA/final_project/Eventure/api-Eventure/app/infrastructure/database/orm/tag_orm.rb": {
        "lines": [
          null,
          null,
          1,
          null,
          1,
          1,
          null,
          1,
          1,
          1,
          null,
          null,
          null,
          null,
          null,
          null
        ]
      },
      "/mnt/c/Users/mary8/OneDrive/Desktop/SOA/final_project/Eventure/api-Eventure/app/infrastructure/database/repositories/activities.rb": {
        "lines": [
          null,
          null,
          1,
          1,
          1,
          null,
          1,
          1,
          null,
          1,
          null,
          null,
          null,
          null,
          null,
          null,
          1,
          1717,
          null,
          null,
          1,
          8,
          8,
          null,
          null,
          1,
          23,
          2300,
          2300,
          2300,
          2300,
          null,
          null,
          null,
          1,
          2300,
          20700,
          null,
          2300,
          85,
          null,
          null,
          null,
          null,
          null,
          null,
          null,
          null,
          null,
          null,
          null,
          null,
          null,
          null,
          1,
          0,
          null,
          null,
          null,
          null,
          null,
          null,
          null,
          null,
          1,
          null,
          null,
          2300,
          null,
          2300,
          2486,
          2486,
          null,
          null,
          2396,
          null,
          null,
          null,
          null,
          null,
          null,
          null,
          1,
          2486,
          2486,
          2486,
          null,
          0,
          null,
          null,
          null,
          1,
          2300,
          null,
          368,
          null,
          368,
          461,
          461,
          null,
          null,
          null,
          1,
          4008,
          null,
          4006,
          4006,
          null,
          4006,
          null,
          null,
          1,
          null,
          null,
          4006,
          null,
          null,
          1,
          null,
          4006,
          null,
          null,
          null,
          null,
          null,
          1,
          null,
          4006,
          null,
          null,
          null,
          null,
          null,
          null,
          null,
          null,
          1,
          4006,
          null,
          null,
          1,
          8012,
          null,
          null,
          null,
          null,
          1,
          4006,
          null,
          null,
          1,
          8334,
          null,
          null,
          1,
          4807,
          null,
          null,
          1,
          4,
          4,
          null,
          null,
          null,
          null,
          null,
          null,
          null,
          null,
          null,
          null,
          null,
          null,
          null
        ]
      },
      "/mnt/c/Users/mary8/OneDrive/Desktop/SOA/final_project/Eventure/api-Eventure/app/infrastructure/hccg/mappers/activity_mapper.rb": {
        "lines": [
          null,
          null,
          1,
          null,
          1,
          1,
          1,
          1,
          1,
          null,
          1,
          1,
          null,
          1,
          1,
          45,
          45,
          45,
          null,
          null,
          1,
          45,
          44,
          null,
          null,
          1,
          4444,
          null,
          null,
          1,
          null,
          2300,
          null,
          null,
          null,
          null,
          null,
          null,
          null,
          null,
          null,
          null,
          null,
          1,
          1,
          4400,
          null,
          null,
          1,
          4400,
          null,
          null,
          null,
          null,
          null,
          null,
          null,
          null,
          null,
          null,
          1,
          4400,
          null,
          null,
          1,
          4400,
          null,
          null,
          1,
          4400,
          null,
          null,
          1,
          4400,
          null,
          null,
          1,
          4400,
          null,
          null,
          1,
          4400,
          null,
          null,
          1,
          4400,
          null,
          null,
          1,
          4400,
          null,
          null,
          1,
          9154,
          null,
          null,
          1,
          4400,
          4400,
          4754,
          null,
          null,
          null,
          null,
          null,
          null,
          1,
          4400,
          4400,
          null,
          704,
          881,
          null,
          null,
          null,
          1,
          881,
          null,
          881,
          null,
          null,
          null,
          null,
          null,
          null,
          null,
          null,
          null
        ]
      },
      "/mnt/c/Users/mary8/OneDrive/Desktop/SOA/final_project/Eventure/api-Eventure/app/infrastructure/database/repositories/for.rb": {
        "lines": [
          null,
          null,
          1,
          1,
          1,
          1,
          1,
          1,
          null,
          1,
          1,
          null,
          1,
          null,
          1,
          null,
          null,
          null,
          null,
          1,
          3,
          null,
          null,
          1,
          12,
          null,
          null,
          null,
          null
        ]
      },
      "/mnt/c/Users/mary8/OneDrive/Desktop/SOA/final_project/Eventure/api-Eventure/app/infrastructure/database/repositories/tags.rb": {
        "lines": [
          null,
          null,
          1,
          1,
          null,
          1,
          1,
          0,
          null,
          null,
          1,
          0,
          0,
          null,
          0,
          null,
          null,
          1,
          0,
          null,
          0,
          null,
          null,
          null,
          null,
          null,
          null,
          null
        ]
      },
      "/mnt/c/Users/mary8/OneDrive/Desktop/SOA/final_project/Eventure/api-Eventure/app/infrastructure/database/repositories/relatedata.rb": {
        "lines": [
          null,
          null,
          1,
          1,
          null,
          1,
          1,
          461,
          461,
          null,
          461,
          null,
          null,
          null,
          null,
          null,
          null,
          null,
          null,
          1,
          801,
          null,
          801,
          null,
          null,
          null,
          null,
          null,
          null,
          null,
          null
        ]
      },
      "/mnt/c/Users/mary8/OneDrive/Desktop/SOA/final_project/Eventure/api-Eventure/app/infrastructure/hccg/gateways/hccg_api.rb": {
        "lines": [
          null,
          null,
          1,
          null,
          1,
          1,
          null,
          1,
          null,
          null,
          1,
          45,
          null,
          null,
          null,
          1,
          45,
          null,
          null,
          null,
          1,
          1,
          45,
          45,
          null,
          44,
          null,
          null,
          null,
          null,
          null
        ]
      },
      "/mnt/c/Users/mary8/OneDrive/Desktop/SOA/final_project/Eventure/api-Eventure/app/presentation/representers/activity_detail_representer.rb": {
        "lines": [
          null,
          null,
          1,
          1,
          null,
          1,
          1,
          null,
          1,
          1,
          null,
          1,
          1,
          1,
          1,
          1,
          1,
          1,
          null,
          null,
          null
        ]
      },
      "/mnt/c/Users/mary8/OneDrive/Desktop/SOA/final_project/Eventure/api-Eventure/app/presentation/representers/activity_like_representer.rb": {
        "lines": [
          null,
          null,
          1,
          1,
          null,
          1,
          1,
          null,
          1,
          1,
          null,
          1,
          1,
          1,
          null,
          null,
          null
        ]
      },
      "/mnt/c/Users/mary8/OneDrive/Desktop/SOA/final_project/Eventure/api-Eventure/app/presentation/representers/activity_list_representer.rb": {
        "lines": [
          null,
          null,
          1,
          1,
          1,
          1,
          null,
          1,
          1,
          null,
          1,
          1,
          null,
          1,
          null,
          null,
          null
        ]
      },
      "/mnt/c/Users/mary8/OneDrive/Desktop/SOA/final_project/Eventure/api-Eventure/app/presentation/representers/activity_single_representer.rb": {
        "lines": [
          null,
          null,
          1,
          1,
          null,
          1,
          1,
          null,
          1,
          1,
          null,
          1,
          1,
          1,
          1,
          1,
          1,
          1,
          1,
          1,
          1,
          1,
          1,
          1,
          1,
          null,
          null,
          null
        ]
      },
      "/mnt/c/Users/mary8/OneDrive/Desktop/SOA/final_project/Eventure/api-Eventure/app/presentation/representers/city_list_representer.rb": {
        "lines": [
          null,
          null,
          1,
          1,
          null,
          1,
          1,
          null,
          1,
          1,
          null,
          1,
          null,
          null,
          null
        ]
      },
      "/mnt/c/Users/mary8/OneDrive/Desktop/SOA/final_project/Eventure/api-Eventure/app/presentation/representers/district_list_representer.rb": {
        "lines": [
          null,
          null,
          1,
          1,
          null,
          1,
          1,
          null,
          1,
          1,
          null,
          1,
          1,
          null,
          null,
          null
        ]
      },
      "/mnt/c/Users/mary8/OneDrive/Desktop/SOA/final_project/Eventure/api-Eventure/app/presentation/representers/http_response_representer.rb": {
        "lines": [
          null,
          null,
          1,
          1,
          null,
          1,
          1,
          null,
          null,
          null,
          null,
          null,
          1,
          1,
          null,
          1,
          1,
          null,
          1,
          null,
          null,
          null,
          null,
          null,
          null,
          null,
          null,
          null,
          null,
          null,
          null,
          null,
          null,
          1,
          10,
          null,
          null,
          null,
          null
        ]
      },
      "/mnt/c/Users/mary8/OneDrive/Desktop/SOA/final_project/Eventure/api-Eventure/app/presentation/representers/tag_list_representer.rb": {
        "lines": [
          null,
          null,
          1,
          1,
          1,
          1,
          null,
          1,
          1,
          null,
          1,
          1,
          null,
          null,
          null,
          null,
          1,
          1,
          14,
          null,
          null,
          null,
          null,
          null
        ]
      },
      "/mnt/c/Users/mary8/OneDrive/Desktop/SOA/final_project/Eventure/api-Eventure/app/presentation/representers/tag_single_representer.rb": {
        "lines": [
          null,
          null,
          1,
          1,
          null,
          1,
          1,
          null,
          1,
          1,
          null,
          1,
          null,
          null,
          null
        ]
      },
      "/mnt/c/Users/mary8/OneDrive/Desktop/SOA/final_project/Eventure/api-Eventure/app/presentation/responses/activity_like.rb": {
        "lines": [
          null,
          null,
          1,
          1,
          null,
          1,
          null,
          null
        ]
      },
      "/mnt/c/Users/mary8/OneDrive/Desktop/SOA/final_project/Eventure/api-Eventure/app/presentation/responses/activity_list.rb": {
        "lines": [
          null,
          null,
          1,
          1,
          null,
          1,
          null,
          null
        ]
      },
      "/mnt/c/Users/mary8/OneDrive/Desktop/SOA/final_project/Eventure/api-Eventure/app/presentation/responses/api_result.rb": {
        "lines": [
          null,
          null,
          1,
          1,
          1,
          null,
          null,
          null,
          1,
          null,
          null,
          null,
          null,
          1,
          null,
          null,
          1,
          1,
          22,
          null,
          22,
          null,
          null,
          null,
          null
        ]
      },
      "/mnt/c/Users/mary8/OneDrive/Desktop/SOA/final_project/Eventure/api-Eventure/app/presentation/responses/city_list.rb": {
        "lines": [
          null,
          null,
          1,
          1,
          null,
          1,
          null,
          null
        ]
      },
      "/mnt/c/Users/mary8/OneDrive/Desktop/SOA/final_project/Eventure/api-Eventure/app/presentation/responses/districts_list.rb": {
        "lines": [
          null,
          null,
          1,
          1,
          null,
          1,
          null,
          null
        ]
      },
      "/mnt/c/Users/mary8/OneDrive/Desktop/SOA/final_project/Eventure/api-Eventure/app/presentation/responses/tag_list.rb": {
        "lines": [
          null,
          null,
          1,
          1,
          null,
          1,
          null,
          null
        ]
      },
      "/mnt/c/Users/mary8/OneDrive/Desktop/SOA/final_project/Eventure/api-Eventure/app/application/controllers/activities_controller.rb": {
        "lines": [
          null,
          null,
          1,
          1,
          1,
          null,
          1,
          1,
          null,
          1,
          1,
          11,
          null,
          null,
          1,
          11,
          null,
          null,
          1,
          11,
          11,
          null,
          null,
          1,
          0,
          0,
          null,
          null,
          1,
          null,
          null,
          1,
          0,
          0,
          null,
          0,
          null,
          null,
          0,
          null,
          null,
          null,
          null
        ]
      },
      "/mnt/c/Users/mary8/OneDrive/Desktop/SOA/final_project/Eventure/api-Eventure/app/application/controllers/app.rb": {
        "lines": [
          null,
          null,
          1,
          1,
          null,
          1,
          1,
          1,
          1,
          1,
          null,
          1,
          11,
          null,
          null,
          null,
          null,
          null,
          11,
          11,
          null,
          11,
          1,
          1,
          1,
          null,
          null,
          10,
          10,
          4,
          2,
          null,
          2,
          null,
          2,
          0,
          0,
          0,
          null,
          2,
          2,
          2,
          2,
          null,
          2,
          null,
          null,
          null,
          null,
          2,
          2,
          2,
          2,
          2,
          2,
          null,
          2,
          1,
          1,
          1,
          null,
          1,
          1,
          1,
          null,
          null,
          1,
          1,
          1,
          null,
          null,
          null,
          null,
          null,
          6,
          3,
          3,
          3,
          null,
          null,
          3,
          null,
          null,
          null,
          null,
          null,
          null,
          3,
          3,
          1,
          1,
          1,
          null,
          2,
          null,
          2,
          2,
          null,
          2,
          2,
          2,
          null,
          null,
          null,
          null,
          3,
          1,
          1,
          null,
          1,
          0,
          0,
          0,
          null,
          1,
          1,
          1,
          1,
          1,
          null,
          null,
          null,
          null,
          2,
          1,
          1,
          null,
          1,
          0,
          0,
          0,
          null,
          1,
          1,
          1,
          1,
          1,
          null,
          null,
          null,
          null,
          1,
          1,
          1,
          null,
          1,
          0,
          0,
          0,
          null,
          1,
          1,
          1,
          1,
          1,
          null,
          null,
          null,
          null,
          null,
          null,
          null
        ]
      },
      "/mnt/c/Users/mary8/OneDrive/Desktop/SOA/final_project/Eventure/api-Eventure/app/application/requests/keyword_input.rb": {
        "lines": [
          null,
          null,
          1,
          1,
          1,
          null,
          1,
          1,
          null,
          1,
          1,
          null,
          1,
          0,
          null,
          null,
          null,
          1,
          0,
          null,
          null,
          null,
          0,
          null,
          null,
          null,
          null,
          null,
          null,
          null,
          null,
          1,
          0,
          null,
          null,
          null,
          null,
          1,
          0,
          null,
          null,
          null,
          1,
          0,
          null,
          null,
          null,
          null
        ]
      },
      "/mnt/c/Users/mary8/OneDrive/Desktop/SOA/final_project/Eventure/api-Eventure/app/application/services/filtered_activities.rb": {
        "lines": [
          null,
          null,
          1,
          null,
          1,
          1,
          null,
          1,
          1,
          null,
          1,
          1,
          1,
          1,
          1,
          1,
          null,
          1,
          null,
          1,
          null,
          1,
          11,
          11,
          null,
          11,
          null,
          0,
          null,
          null,
          1,
          null,
          11,
          null,
          11,
          1,
          208,
          100,
          null,
          null,
          11,
          null,
          0,
          null,
          null,
          1,
          11,
          11,
          404,
          null,
          11,
          null,
          0,
          null,
          null,
          1,
          11,
          11,
          1,
          0,
          null,
          null,
          11,
          null,
          0,
          null,
          null,
          1,
          11,
          11,
          11,
          null,
          5,
          5,
          null,
          5,
          3,
          null,
          1,
          100,
          100,
          null,
          2,
          0,
          0,
          0,
          null,
          2,
          0,
          0,
          0,
          null,
          null,
          null,
          3,
          null,
          0,
          null,
          null,
          1,
          9,
          9,
          null,
          0,
          null,
          null,
          null,
          1,
          10,
          null,
          6,
          null,
          0,
          null,
          null,
          null,
          null
        ]
      },
      "/mnt/c/Users/mary8/OneDrive/Desktop/SOA/final_project/Eventure/api-Eventure/app/application/services/list_activity.rb": {
        "lines": [
          null,
          null,
          1,
          null,
          1,
          1,
          null,
          1,
          1,
          null,
          1,
          null,
          1,
          null,
          1,
          null,
          1,
          0,
          0,
          0,
          null,
          0,
          0,
          null,
          0,
          null,
          null,
          null,
          null
        ]
      },
      "/mnt/c/Users/mary8/OneDrive/Desktop/SOA/final_project/Eventure/api-Eventure/app/application/services/list_city.rb": {
        "lines": [
          null,
          null,
          1,
          null,
          1,
          1,
          null,
          1,
          1,
          null,
          1,
          null,
          1,
          null,
          1,
          null,
          1,
          1,
          1,
          1,
          1,
          1,
          null,
          0,
          null,
          null,
          null,
          null
        ]
      },
      "/mnt/c/Users/mary8/OneDrive/Desktop/SOA/final_project/Eventure/api-Eventure/app/application/services/list_district.rb": {
        "lines": [
          null,
          null,
          1,
          null,
          1,
          1,
          null,
          1,
          1,
          null,
          1,
          null,
          1,
          null,
          1,
          null,
          1,
          1,
          1,
          1,
          null,
          1,
          1,
          1,
          null,
          0,
          null,
          null,
          null,
          null
        ]
      },
      "/mnt/c/Users/mary8/OneDrive/Desktop/SOA/final_project/Eventure/api-Eventure/app/application/services/list_tag.rb": {
        "lines": [
          null,
          null,
          1,
          1,
          null,
          1,
          1,
          null,
          1,
          1,
          null,
          1,
          null,
          1,
          null,
          1,
          null,
          1,
          1,
          null,
          209,
          null,
          14,
          null,
          1,
          1,
          1,
          null,
          0,
          null,
          null,
          null,
          null
        ]
      },
      "/mnt/c/Users/mary8/OneDrive/Desktop/SOA/final_project/Eventure/api-Eventure/app/application/services/searched_activities.rb": {
        "lines": [
          null,
          null,
          1,
          null,
          1,
          1,
          null,
          null,
          1,
          1,
          null,
          1,
          1,
          1,
          null,
          1,
          null,
          1,
          null,
          1,
          2,
          2,
          2,
          null,
          0,
          null,
          null,
          1,
          2,
          2,
          0,
          0,
          null,
          null,
          null,
          2,
          null,
          0,
          null,
          0,
          0,
          0,
          null,
          0,
          null,
          0,
          0,
          null,
          0,
          null,
          null,
          0,
          null,
          0,
          null,
          null,
          1,
          2,
          2,
          null,
          null,
          0,
          null,
          null,
          null
        ]
      },
      "/mnt/c/Users/mary8/OneDrive/Desktop/SOA/final_project/Eventure/api-Eventure/app/application/services/toggle_like.rb": {
        "lines": [
          null,
          null,
          1,
          null,
          1,
          1,
          null,
          1,
          1,
          null,
          1,
          1,
          null,
          1,
          0,
          null,
          0,
          0,
          null,
          0,
          0,
          null,
          0,
          null,
          0,
          null,
          null,
          1,
          null,
          1,
          0,
          null,
          null,
          1,
          0,
          0,
          0,
          null,
          0,
          0,
          null,
          null,
          null,
          1,
          0,
          null,
          null,
          null,
          null
        ]
      },
      "/mnt/c/Users/mary8/OneDrive/Desktop/SOA/final_project/Eventure/api-Eventure/app/application/services/update_like_counts.rb": {
        "lines": [
          null,
          null,
          1,
          null,
          1,
          1,
          null,
          1,
          1,
          null,
          1,
          1,
          1,
          1,
          null,
          1,
          null,
          1,
          1,
          null,
          1,
          6,
          6,
          4,
          null,
          2,
          null,
          null,
          null,
          1,
          4,
          4,
          2,
          2,
          null,
          2,
          2,
          null,
          4,
          4,
          null,
          0,
          null,
          null,
          1,
          4,
          4,
          null,
          0,
          null,
          null,
          1,
          4,
          4,
          null,
          0,
          null,
          null,
          null,
          null
        ]
      },
      "/mnt/c/Users/mary8/OneDrive/Desktop/SOA/final_project/Eventure/api-Eventure/app/application/services/update_likes.rb": {
        "lines": [
          null,
          null,
          1,
          1,
          null,
          1,
          1,
          null,
          1,
          1,
          null,
          1,
          1,
          null,
          1,
          0,
          0,
          0,
          0,
          null,
          null,
          1,
          null,
          1,
          0,
          0,
          null,
          0,
          null,
          null,
          1,
          0,
          null,
          0,
          0,
          null,
          0,
          null,
          null,
          0,
          null,
          null,
          null,
          null,
          null,
          null,
          null,
          null,
          null,
          1,
          0,
          0,
          null,
          0,
          null,
          null,
          0,
          0,
          null,
          0,
          null,
          null,
          null,
          null
        ]
      }
    },
    "timestamp": 1764507158
  }
}
