{
  "RSpec": {
    "coverage": {
      "/mnt/c/Users/mary8/OneDrive/Desktop/SOA/final_project/Eventure/api-Eventure/require_app.rb": {
        "lines": [
          null,
          null,
          null,
          null,
          null,
          null,
          null,
          null,
          null,
          1,
          5,
          1,
          null,
          1,
          63,
          null,
          null
        ]
      },
      "/mnt/c/Users/mary8/OneDrive/Desktop/SOA/final_project/Eventure/api-Eventure/config/environment.rb": {
        "lines": [
          null,
          null,
          1,
          1,
          1,
          1,
          1,
          1,
          1,
          null,
          1,
          null,
          1,
          1,
          null,
          null,
          1,
          null,
          null,
          null,
          1,
          1,
          null,
          1,
          null,
          1,
          1,
          null,
          null,
          null,
          1,
          0,
          null,
          null,
          null,
          null,
          null,
          1,
          0,
          null,
          null,
          null,
          null,
          null,
          null,
          1,
          1,
          null,
          null
        ]
      },
      "/mnt/c/Users/mary8/OneDrive/Desktop/SOA/final_project/Eventure/api-Eventure/app/domain/entities/activity.rb": {
        "lines": [
          null,
          null,
          1,
          1,
          1,
          1,
          1,
          1,
          1,
          null,
          1,
          1,
          null,
          1,
          1,
          null,
          1,
          1,
          1,
          1,
          1,
          1,
          1,
          1,
          1,
          null,
          null,
          null,
          1,
          1,
          null,
          1,
          1210,
          null,
          null,
          1,
          1701,
          null,
          null,
          null,
          null,
          null,
          null,
          1,
          1639,
          null,
          null,
          1,
          3,
          null,
          null,
          1,
          3,
          null,
          null,
          1,
          400,
          null,
          null,
          1,
          0,
          null,
          null,
          1,
          0,
          null,
          null,
          1,
          0,
          null,
          null,
          1,
          1,
          null,
          null,
          1,
          2,
          null,
          null,
          1,
          0,
          null,
          null,
          1,
          0,
          null,
          null,
          null,
          null,
          null,
          null,
          null
        ]
      },
      "/mnt/c/Users/mary8/OneDrive/Desktop/SOA/final_project/Eventure/api-Eventure/app/domain/entities/tag.rb": {
        "lines": [
          null,
          null,
          1,
          1,
          null,
          1,
          1,
          null,
          1,
          1,
          null,
          1,
          null,
          null,
          null
        ]
      },
      "/mnt/c/Users/mary8/OneDrive/Desktop/SOA/final_project/Eventure/api-Eventure/app/domain/entities/relatedata.rb": {
        "lines": [
          null,
          null,
          1,
          1,
          null,
          1,
          1,
          null,
          1,
          1,
          null,
          1,
          1,
          1,
          null,
          null,
          null
        ]
      },
      "/mnt/c/Users/mary8/OneDrive/Desktop/SOA/final_project/Eventure/api-Eventure/app/domain/values/location.rb": {
        "lines": [
          null,
          null,
          1,
          1,
          null,
          1,
          1,
          null,
          1,
          1,
          null,
          1,
          1,
          null,
          1,
          1201,
          null,
          null,
          null,
          1,
          3300,
          3300,
          3300,
          2937,
          null,
          2937,
          2937,
          null,
          2937,
          null,
          1881,
          null,
          null,
          1,
          400,
          null,
          null,
          1,
          0,
          null,
          null,
          null,
          null
        ]
      },
      "/mnt/c/Users/mary8/OneDrive/Desktop/SOA/final_project/Eventure/api-Eventure/app/domain/values/activity_date.rb": {
        "lines": [
          null,
          null,
          1,
          1,
          1,
          null,
          1,
          1,
          null,
          1,
          1,
          null,
          1,
          1,
          null,
          1,
          0,
          0,
          0,
          0,
          null,
          null,
          1,
          0,
          0,
          null,
          0,
          null,
          0,
          null,
          null,
          null,
          null,
          null,
          null,
          null,
          null,
          null,
          1,
          0,
          null,
          null,
          1,
          0,
          null,
          null,
          1,
          100,
          null,
          null,
          null,
          null
        ]
      },
      "/mnt/c/Users/mary8/OneDrive/Desktop/SOA/final_project/Eventure/api-Eventure/app/domain/entities/user.rb": {
        "lines": [
          null,
          null,
          1,
          1,
          null,
          1,
          1,
          null,
          1,
          1,
          null,
          1,
          1,
          1,
          1,
          1,
          1,
          null,
          1,
          1,
          null,
          null,
          1,
          1,
          null,
          null,
          1,
          2,
          null,
          2,
          null,
          null,
          1,
          4,
          null,
          null,
          1,
          2,
          null,
          2,
          null,
          null,
          1,
          4,
          null,
          null,
          1,
          8,
          null,
          7,
          null,
          null,
          1,
          2,
          null,
          null,
          1,
          4,
          null,
          3,
          null,
          null,
          1,
          2,
          null,
          null,
          1,
          1,
          null,
          null,
          null,
          null,
          null,
          null,
          1,
          2,
          null,
          null,
          1,
          null,
          1,
          20,
          null,
          null,
          null,
          null
        ]
      },
      "/mnt/c/Users/mary8/OneDrive/Desktop/SOA/final_project/Eventure/api-Eventure/app/domain/entities/user_temp.rb": {
        "lines": [
          null,
          null,
          1,
          1,
          null,
          1,
          1,
          null,
          1,
          1,
          null,
          1,
          0,
          0,
          0,
          0,
          0,
          0,
          null,
          null,
          1,
          0,
          null,
          0,
          null,
          null,
          1,
          0,
          null,
          null,
          1,
          0,
          null,
          null,
          null,
          null,
          null,
          null,
          1,
          0,
          null,
          null,
          1,
          null,
          1,
          0,
          null,
          null,
          null,
          null
        ]
      },
      "/mnt/c/Users/mary8/OneDrive/Desktop/SOA/final_project/Eventure/api-Eventure/app/domain/values/filter.rb": {
        "lines": [
          null,
          null,
          1,
          1,
          null,
          1,
          1,
          null,
          1,
          1,
          null,
          1,
          1,
          1,
          null,
          1,
          0,
          0,
          0,
          null,
          null,
          1,
          0,
          null,
          null,
          1,
          null,
          1,
          0,
          0,
          null,
          0,
          null,
          null,
          null,
          null,
          1,
          0,
          null,
          0,
          0,
          null,
          null,
          1,
          0,
          null,
          0,
          0,
          null,
          0,
          null,
          null,
          null,
          null
        ]
      },
      "/mnt/c/Users/mary8/OneDrive/Desktop/SOA/final_project/Eventure/api-Eventure/app/domain/values/saved.rb": {
        "lines": [
          null,
          null,
          1,
          1,
          null,
          1,
          1,
          null,
          1,
          1,
          null,
          1,
          null,
          1,
          2,
          null,
          null,
          1,
          0,
          null,
          null,
          1,
          0,
          null,
          null,
          1,
          0,
          null,
          null,
          null,
          null
        ]
      },
      "/mnt/c/Users/mary8/OneDrive/Desktop/SOA/final_project/Eventure/api-Eventure/app/infrastructure/cache/redis_cache.rb": {
        "lines": [
          null,
          null,
          1,
          null,
          1,
          1,
          null,
          1,
          1,
          0,
          null,
          null,
          1,
          0,
          null,
          null,
          1,
          0,
          null,
          null,
          1,
          0,
          null,
          null,
          1,
          0,
          0,
          null,
          0,
          null,
          null,
          null,
          1,
          0,
          null,
          null,
          1,
          0,
          null,
          null,
          null,
          null
        ]
      },
      "/mnt/c/Users/mary8/OneDrive/Desktop/SOA/final_project/Eventure/api-Eventure/app/infrastructure/database/orm/activity_orm.rb": {
        "lines": [
          null,
          null,
          1,
          null,
          1,
          1,
          null,
          1,
          1,
          null,
          null,
          null,
          null,
          1,
          null,
          null,
          null,
          null,
          null,
          null
        ]
      },
      "/mnt/c/Users/mary8/OneDrive/Desktop/SOA/final_project/Eventure/api-Eventure/app/infrastructure/database/orm/relatedata_orm.rb": {
        "lines": [
          null,
          null,
          1,
          null,
          1,
          1,
          null,
          1,
          1,
          null,
          null,
          null,
          null,
          null,
          null
        ]
      },
      "/mnt/c/Users/mary8/OneDrive/Desktop/SOA/final_project/Eventure/api-Eventure/app/infrastructure/database/orm/tag_orm.rb": {
        "lines": [
          null,
          null,
          1,
          null,
          1,
          1,
          null,
          1,
          1,
          1,
          null,
          null,
          null,
          null,
          null,
          null
        ]
      },
      "/mnt/c/Users/mary8/OneDrive/Desktop/SOA/final_project/Eventure/api-Eventure/app/infrastructure/database/repositories/activities.rb": {
        "lines": [
          null,
          null,
          1,
          1,
          1,
          null,
          1,
          1,
          null,
          1,
          null,
          null,
          null,
          null,
          null,
          null,
          1,
          917,
          null,
          null,
          1,
          7,
          7,
          null,
          null,
          1,
          12,
          1200,
          1200,
          1200,
          1200,
          null,
          null,
          null,
          1,
          1200,
          10800,
          null,
          1200,
          0,
          null,
          null,
          null,
          null,
          null,
          null,
          null,
          null,
          null,
          null,
          null,
          null,
          null,
          null,
          1,
          0,
          null,
          null,
          null,
          null,
          null,
          null,
          null,
          null,
          1,
          null,
          1200,
          null,
          null,
          1200,
          1296,
          1296,
          null,
          null,
          null,
          1,
          1296,
          1296,
          null,
          null,
          1,
          1200,
          null,
          192,
          null,
          192,
          240,
          240,
          null,
          null,
          null,
          1,
          2107,
          null,
          2105,
          2105,
          null,
          2105,
          null,
          null,
          1,
          null,
          null,
          2105,
          null,
          null,
          1,
          null,
          2105,
          null,
          null,
          null,
          null,
          null,
          1,
          null,
          2105,
          null,
          null,
          null,
          null,
          null,
          null,
          null,
          null,
          1,
          2105,
          null,
          null,
          null,
          null,
          null,
          1,
          4210,
          null,
          null,
          null,
          null,
          1,
          4378,
          null,
          null,
          1,
          2525,
          null,
          null,
          1,
          2105,
          null,
          4210,
          null,
          null,
          1,
          3,
          3,
          null,
          null,
          null,
          null,
          null,
          null,
          null,
          null,
          null,
          null,
          null,
          null,
          null
        ]
      },
      "/mnt/c/Users/mary8/OneDrive/Desktop/SOA/final_project/Eventure/api-Eventure/app/infrastructure/hccg/mappers/activity_mapper.rb": {
        "lines": [
          null,
          null,
          1,
          null,
          1,
          1,
          1,
          1,
          1,
          null,
          1,
          1,
          null,
          1,
          1,
          34,
          34,
          34,
          null,
          null,
          1,
          34,
          33,
          null,
          null,
          1,
          3333,
          null,
          null,
          1,
          null,
          1200,
          null,
          null,
          null,
          null,
          null,
          null,
          null,
          null,
          null,
          null,
          null,
          1,
          1,
          3300,
          null,
          null,
          1,
          3300,
          null,
          null,
          null,
          null,
          null,
          null,
          null,
          null,
          null,
          null,
          1,
          3300,
          null,
          null,
          1,
          3300,
          null,
          null,
          1,
          3300,
          null,
          null,
          1,
          3300,
          null,
          null,
          1,
          3300,
          null,
          null,
          1,
          3300,
          3300,
          3300,
          null,
          null,
          1,
          3300,
          null,
          null,
          1,
          3300,
          null,
          null,
          1,
          3300,
          3300,
          3564,
          null,
          null,
          null,
          1,
          3300,
          3300,
          null,
          528,
          660,
          null,
          null,
          null,
          1,
          660,
          null,
          660,
          null,
          null,
          null,
          null,
          null,
          null,
          null,
          null,
          null
        ]
      },
      "/mnt/c/Users/mary8/OneDrive/Desktop/SOA/final_project/Eventure/api-Eventure/app/infrastructure/database/repositories/for.rb": {
        "lines": [
          null,
          null,
          1,
          1,
          1,
          1,
          1,
          1,
          null,
          1,
          1,
          null,
          1,
          null,
          1,
          null,
          null,
          null,
          null,
          1,
          3,
          null,
          null,
          1,
          1,
          null,
          null,
          null,
          null
        ]
      },
      "/mnt/c/Users/mary8/OneDrive/Desktop/SOA/final_project/Eventure/api-Eventure/app/infrastructure/database/repositories/tags.rb": {
        "lines": [
          null,
          null,
          1,
          1,
          null,
          1,
          1,
          0,
          null,
          null,
          1,
          0,
          0,
          null,
          0,
          null,
          null,
          1,
          0,
          null,
          0,
          null,
          null,
          null,
          null
        ]
      },
      "/mnt/c/Users/mary8/OneDrive/Desktop/SOA/final_project/Eventure/api-Eventure/app/infrastructure/database/repositories/relatedata.rb": {
        "lines": [
          null,
          null,
          1,
          1,
          null,
          1,
          1,
          240,
          240,
          null,
          240,
          null,
          null,
          null,
          null,
          null,
          null,
          null,
          null,
          1,
          420,
          null,
          420,
          null,
          null,
          null,
          null,
          null,
          null,
          null,
          null
        ]
      },
      "/mnt/c/Users/mary8/OneDrive/Desktop/SOA/final_project/Eventure/api-Eventure/app/infrastructure/database/repositories/status.rb": {
        "lines": [
          null,
          null,
          1,
          1,
          null,
          1,
          1,
          null,
          1,
          10,
          null,
          null,
          1,
          10,
          null,
          null,
          null,
          1,
          1,
          6,
          null,
          6,
          0,
          null,
          null,
          null,
          null,
          6,
          null,
          null,
          null,
          null,
          null,
          1,
          0,
          null,
          null,
          null,
          1,
          4,
          null,
          null,
          null,
          null
        ]
      },
      "/mnt/c/Users/mary8/OneDrive/Desktop/SOA/final_project/Eventure/api-Eventure/app/infrastructure/hccg/gateways/hccg_api.rb": {
        "lines": [
          null,
          null,
          1,
          null,
          1,
          1,
          null,
          1,
          null,
          null,
          1,
          34,
          null,
          null,
          null,
          1,
          34,
          null,
          null,
          null,
          1,
          1,
          34,
          34,
          null,
          33,
          null,
          null,
          null,
          null,
          null
        ]
      },
      "/mnt/c/Users/mary8/OneDrive/Desktop/SOA/final_project/Eventure/api-Eventure/app/infrastructure/kaohsiung/gateways/kaohsiung_api.rb": {
        "lines": [
          null,
          null,
          1,
          null,
          1,
          1,
          null,
          1,
          1,
          0,
          null,
          null,
          null,
          1,
          0,
          null,
          null,
          null,
          1,
          1,
          0,
          0,
          null,
          0,
          null,
          null,
          null,
          null,
          null
        ]
      },
      "/mnt/c/Users/mary8/OneDrive/Desktop/SOA/final_project/Eventure/api-Eventure/app/infrastructure/kaohsiung/mappers/activity_mapper.rb": {
        "lines": [
          null,
          null,
          1,
          null,
          1,
          1,
          1,
          1,
          1,
          null,
          1,
          1,
          null,
          1,
          1,
          0,
          0,
          0,
          null,
          null,
          1,
          0,
          null,
          0,
          0,
          null,
          null,
          1,
          0,
          null,
          null,
          1,
          null,
          0,
          null,
          null,
          null,
          null,
          null,
          null,
          null,
          null,
          null,
          null,
          null,
          1,
          1,
          0,
          null,
          null,
          1,
          0,
          null,
          null,
          null,
          null,
          null,
          null,
          null,
          null,
          null,
          null,
          1,
          0,
          null,
          null,
          1,
          0,
          null,
          null,
          1,
          null,
          0,
          null,
          null,
          1,
          0,
          null,
          null,
          1,
          0,
          null,
          null,
          1,
          0,
          0,
          0,
          null,
          null,
          1,
          null,
          0,
          null,
          null,
          1,
          0,
          null,
          null,
          1,
          null,
          null,
          null,
          1,
          null,
          0,
          null,
          null,
          1,
          null,
          null,
          null,
          null,
          0,
          null,
          null,
          null,
          null,
          null,
          null,
          null,
          null,
          null,
          null,
          null,
          null,
          null,
          null,
          null
        ]
      },
      "/mnt/c/Users/mary8/OneDrive/Desktop/SOA/final_project/Eventure/api-Eventure/app/infrastructure/messaging/queue.rb": {
        "lines": [
          null,
          null,
          1,
          null,
          1,
          1,
          null,
          null,
          1,
          1,
          null,
          1,
          4,
          4,
          null,
          null,
          null,
          null,
          4,
          null,
          null,
          null,
          null,
          null,
          null,
          1,
          4,
          null,
          null,
          null,
          null,
          null,
          null,
          1,
          0,
          0,
          0,
          null,
          null,
          null,
          null,
          null
        ]
      },
      "/mnt/c/Users/mary8/OneDrive/Desktop/SOA/final_project/Eventure/api-Eventure/app/infrastructure/new_taipei/gateways/new_taipei_api.rb": {
        "lines": [
          null,
          null,
          1,
          null,
          1,
          1,
          null,
          1,
          1,
          0,
          null,
          null,
          null,
          1,
          0,
          0,
          null,
          null,
          null,
          1,
          1,
          0,
          0,
          null,
          0,
          null,
          null,
          null,
          null,
          null
        ]
      },
      "/mnt/c/Users/mary8/OneDrive/Desktop/SOA/final_project/Eventure/api-Eventure/app/infrastructure/new_taipei/mappers/activity_mapper.rb": {
        "lines": [
          null,
          null,
          1,
          null,
          1,
          1,
          1,
          1,
          1,
          null,
          1,
          1,
          null,
          1,
          1,
          0,
          0,
          0,
          null,
          null,
          1,
          0,
          0,
          null,
          null,
          1,
          0,
          null,
          null,
          1,
          null,
          0,
          null,
          null,
          null,
          null,
          null,
          null,
          null,
          null,
          null,
          null,
          null,
          1,
          1,
          0,
          null,
          null,
          1,
          0,
          null,
          null,
          null,
          null,
          null,
          null,
          null,
          null,
          null,
          null,
          1,
          0,
          null,
          null,
          1,
          0,
          null,
          null,
          1,
          0,
          null,
          null,
          1,
          0,
          0,
          null,
          null,
          1,
          0,
          0,
          null,
          0,
          0,
          null,
          null,
          1,
          0,
          0,
          0,
          null,
          null,
          1,
          0,
          null,
          null,
          1,
          0,
          null,
          null,
          1,
          0,
          null,
          null,
          1,
          0,
          0,
          null,
          0,
          null,
          null,
          1,
          0,
          null,
          0,
          null,
          null,
          null,
          null,
          null,
          null,
          1,
          0,
          0,
          null,
          0,
          null,
          null,
          null,
          null,
          null
        ]
      },
      "/mnt/c/Users/mary8/OneDrive/Desktop/SOA/final_project/Eventure/api-Eventure/app/infrastructure/taichung/gateways/taichung_api.rb": {
        "lines": [
          null,
          null,
          1,
          null,
          1,
          1,
          null,
          1,
          1,
          0,
          null,
          null,
          null,
          1,
          0,
          null,
          null,
          null,
          1,
          1,
          0,
          0,
          null,
          0,
          null,
          null,
          null,
          null,
          null
        ]
      },
      "/mnt/c/Users/mary8/OneDrive/Desktop/SOA/final_project/Eventure/api-Eventure/app/infrastructure/taichung/mappers/activity_mapper.rb": {
        "lines": [
          null,
          null,
          1,
          null,
          1,
          1,
          1,
          1,
          1,
          null,
          1,
          1,
          null,
          1,
          1,
          0,
          0,
          0,
          null,
          null,
          1,
          0,
          null,
          0,
          0,
          null,
          null,
          1,
          0,
          null,
          null,
          1,
          null,
          0,
          null,
          null,
          null,
          null,
          null,
          null,
          null,
          null,
          null,
          null,
          null,
          1,
          1,
          0,
          null,
          null,
          1,
          0,
          null,
          null,
          null,
          null,
          null,
          null,
          null,
          null,
          null,
          1,
          0,
          null,
          null,
          1,
          0,
          null,
          null,
          1,
          0,
          null,
          null,
          1,
          0,
          null,
          null,
          1,
          0,
          null,
          null,
          1,
          0,
          null,
          null,
          1,
          0,
          null,
          null,
          1,
          0,
          null,
          null,
          1,
          0,
          null,
          null,
          1,
          0,
          null,
          null,
          1,
          0,
          0,
          0,
          null,
          null,
          1,
          0,
          null,
          0,
          null,
          0,
          null,
          null,
          1,
          0,
          0,
          null,
          0,
          null,
          null,
          1,
          0,
          0,
          null,
          null,
          null,
          1,
          null,
          0,
          0,
          0,
          0,
          null,
          null,
          0,
          null,
          0,
          null,
          null,
          null,
          null,
          1,
          0,
          null,
          0,
          null,
          0,
          null,
          0,
          null,
          null,
          null,
          null,
          null,
          null
        ]
      },
      "/mnt/c/Users/mary8/OneDrive/Desktop/SOA/final_project/Eventure/api-Eventure/app/infrastructure/tainan/gateways/tainan_api.rb": {
        "lines": [
          null,
          null,
          1,
          null,
          1,
          1,
          null,
          1,
          1,
          0,
          null,
          null,
          null,
          1,
          0,
          null,
          null,
          null,
          1,
          1,
          0,
          0,
          null,
          0,
          null,
          null,
          null,
          null,
          null
        ]
      },
      "/mnt/c/Users/mary8/OneDrive/Desktop/SOA/final_project/Eventure/api-Eventure/app/infrastructure/tainan/mappers/activity_mapper.rb": {
        "lines": [
          null,
          null,
          1,
          1,
          null,
          1,
          1,
          1,
          1,
          1,
          null,
          1,
          1,
          null,
          1,
          1,
          0,
          0,
          0,
          null,
          null,
          1,
          0,
          0,
          0,
          null,
          null,
          1,
          0,
          null,
          null,
          1,
          null,
          0,
          null,
          null,
          null,
          null,
          null,
          null,
          null,
          null,
          null,
          null,
          null,
          1,
          1,
          null,
          1,
          0,
          null,
          null,
          1,
          0,
          null,
          null,
          null,
          null,
          null,
          null,
          null,
          1,
          0,
          null,
          null,
          1,
          0,
          null,
          null,
          1,
          0,
          null,
          null,
          1,
          0,
          null,
          null,
          null,
          null,
          null,
          1,
          0,
          null,
          null,
          1,
          0,
          null,
          null,
          1,
          0,
          0,
          0,
          null,
          null,
          1,
          0,
          null,
          null,
          1,
          0,
          null,
          null,
          1,
          0,
          null,
          null,
          1,
          0,
          null,
          null,
          1,
          0,
          0,
          null,
          0,
          null,
          null,
          1,
          0,
          0,
          null,
          0,
          0,
          null,
          null,
          1,
          0,
          0,
          0,
          null,
          null,
          1,
          0,
          null,
          0,
          0,
          null,
          0,
          null,
          null,
          1,
          0,
          0,
          null,
          0,
          null,
          null,
          1,
          0,
          0,
          null,
          0,
          null,
          null,
          1,
          0,
          0,
          null,
          0,
          null,
          null,
          1,
          0,
          null,
          null,
          null,
          null,
          null,
          null,
          null,
          null,
          null
        ]
      },
      "/mnt/c/Users/mary8/OneDrive/Desktop/SOA/final_project/Eventure/api-Eventure/app/infrastructure/taipei/gateways/taipei_api.rb": {
        "lines": [
          null,
          null,
          1,
          null,
          1,
          1,
          null,
          1,
          1,
          0,
          null,
          null,
          null,
          1,
          0,
          0,
          null,
          null,
          null,
          1,
          1,
          0,
          0,
          0,
          null,
          0,
          null,
          null,
          null,
          null,
          null
        ]
      },
      "/mnt/c/Users/mary8/OneDrive/Desktop/SOA/final_project/Eventure/api-Eventure/app/infrastructure/taipei/mappers/activity_mapper.rb": {
        "lines": [
          null,
          null,
          1,
          null,
          1,
          1,
          1,
          1,
          1,
          null,
          1,
          1,
          null,
          1,
          1,
          0,
          0,
          0,
          null,
          null,
          1,
          0,
          0,
          0,
          null,
          null,
          1,
          0,
          null,
          null,
          1,
          null,
          0,
          null,
          null,
          null,
          null,
          null,
          null,
          null,
          null,
          null,
          null,
          null,
          1,
          1,
          0,
          null,
          null,
          1,
          0,
          null,
          null,
          null,
          null,
          null,
          null,
          null,
          null,
          null,
          null,
          1,
          0,
          null,
          null,
          1,
          0,
          null,
          null,
          1,
          0,
          null,
          null,
          1,
          0,
          null,
          null,
          1,
          0,
          null,
          null,
          1,
          0,
          0,
          0,
          null,
          null,
          1,
          0,
          null,
          null,
          1,
          null,
          0,
          null,
          null,
          1,
          null,
          0,
          null,
          null,
          1,
          null,
          null,
          null,
          null,
          null,
          null,
          null,
          0,
          null,
          null,
          1,
          0,
          0,
          null,
          0,
          0,
          null,
          null,
          null,
          1,
          0,
          null,
          0,
          null,
          null,
          null,
          null,
          null,
          null,
          null,
          null,
          null
        ]
      },
      "/mnt/c/Users/mary8/OneDrive/Desktop/SOA/final_project/Eventure/api-Eventure/app/presentation/representers/activity_detail_representer.rb": {
        "lines": [
          null,
          null,
          1,
          1,
          null,
          1,
          1,
          null,
          1,
          1,
          null,
          1,
          1,
          1,
          1,
          1,
          1,
          1,
          null,
          null,
          null
        ]
      },
      "/mnt/c/Users/mary8/OneDrive/Desktop/SOA/final_project/Eventure/api-Eventure/app/presentation/representers/activity_like_representer.rb": {
        "lines": [
          null,
          null,
          1,
          1,
          null,
          1,
          1,
          null,
          1,
          1,
          null,
          1,
          1,
          1,
          null,
          null,
          null
        ]
      },
      "/mnt/c/Users/mary8/OneDrive/Desktop/SOA/final_project/Eventure/api-Eventure/app/presentation/representers/activity_list_representer.rb": {
        "lines": [
          null,
          null,
          1,
          1,
          1,
          1,
          null,
          1,
          1,
          null,
          1,
          1,
          null,
          1,
          null,
          null,
          null
        ]
      },
      "/mnt/c/Users/mary8/OneDrive/Desktop/SOA/final_project/Eventure/api-Eventure/app/presentation/representers/activity_single_representer.rb": {
        "lines": [
          null,
          null,
          1,
          1,
          null,
          1,
          1,
          null,
          1,
          1,
          null,
          1,
          1,
          1,
          1,
          1,
          1,
          1,
          1,
          1,
          1,
          1,
          1,
          1,
          1,
          1,
          null,
          null,
          null
        ]
      },
      "/mnt/c/Users/mary8/OneDrive/Desktop/SOA/final_project/Eventure/api-Eventure/app/presentation/representers/city_list_representer.rb": {
        "lines": [
          null,
          null,
          1,
          1,
          null,
          1,
          1,
          null,
          1,
          1,
          null,
          1,
          null,
          null,
          null
        ]
      },
      "/mnt/c/Users/mary8/OneDrive/Desktop/SOA/final_project/Eventure/api-Eventure/app/presentation/representers/district_list_representer.rb": {
        "lines": [
          null,
          null,
          1,
          1,
          null,
          1,
          1,
          null,
          1,
          1,
          null,
          1,
          1,
          null,
          null,
          null
        ]
      },
      "/mnt/c/Users/mary8/OneDrive/Desktop/SOA/final_project/Eventure/api-Eventure/app/presentation/representers/fetch_api_data_representer.rb": {
        "lines": [
          null,
          null,
          1,
          1,
          null,
          1,
          1,
          null,
          1,
          1,
          null,
          1,
          null,
          null,
          null
        ]
      },
      "/mnt/c/Users/mary8/OneDrive/Desktop/SOA/final_project/Eventure/api-Eventure/app/presentation/representers/http_response_representer.rb": {
        "lines": [
          null,
          null,
          1,
          1,
          null,
          1,
          1,
          null,
          null,
          null,
          null,
          null,
          1,
          1,
          null,
          1,
          1,
          null,
          1,
          null,
          null,
          null,
          null,
          null,
          null,
          null,
          null,
          null,
          null,
          null,
          null,
          null,
          null,
          1,
          9,
          null,
          null,
          null,
          null
        ]
      },
      "/mnt/c/Users/mary8/OneDrive/Desktop/SOA/final_project/Eventure/api-Eventure/app/presentation/representers/tag_list_representer.rb": {
        "lines": [
          null,
          null,
          1,
          1,
          1,
          1,
          null,
          1,
          1,
          null,
          1,
          1,
          null,
          null,
          null,
          null,
          1,
          1,
          0,
          null,
          null,
          null,
          null,
          null
        ]
      },
      "/mnt/c/Users/mary8/OneDrive/Desktop/SOA/final_project/Eventure/api-Eventure/app/presentation/representers/tag_single_representer.rb": {
        "lines": [
          null,
          null,
          1,
          1,
          null,
          1,
          1,
          null,
          1,
          1,
          null,
          1,
          null,
          null,
          null
        ]
      },
      "/mnt/c/Users/mary8/OneDrive/Desktop/SOA/final_project/Eventure/api-Eventure/app/presentation/representers/worker_fetch_data_representer.rb": {
        "lines": [
          null,
          null,
          1,
          1,
          null,
          1,
          1,
          null,
          1,
          1,
          null,
          1,
          1,
          null,
          null,
          null
        ]
      },
      "/mnt/c/Users/mary8/OneDrive/Desktop/SOA/final_project/Eventure/api-Eventure/app/presentation/responses/activity_like.rb": {
        "lines": [
          null,
          null,
          1,
          1,
          null,
          1,
          null,
          null
        ]
      },
      "/mnt/c/Users/mary8/OneDrive/Desktop/SOA/final_project/Eventure/api-Eventure/app/presentation/responses/activity_list.rb": {
        "lines": [
          null,
          null,
          1,
          1,
          null,
          1,
          null,
          null
        ]
      },
      "/mnt/c/Users/mary8/OneDrive/Desktop/SOA/final_project/Eventure/api-Eventure/app/presentation/responses/api_result.rb": {
        "lines": [
          null,
          null,
          1,
          1,
          1,
          null,
          null,
          null,
          1,
          null,
          null,
          null,
          null,
          1,
          null,
          null,
          1,
          1,
          22,
          null,
          22,
          null,
          null,
          null,
          null
        ]
      },
      "/mnt/c/Users/mary8/OneDrive/Desktop/SOA/final_project/Eventure/api-Eventure/app/presentation/responses/city_list.rb": {
        "lines": [
          null,
          null,
          1,
          1,
          null,
          1,
          null,
          null
        ]
      },
      "/mnt/c/Users/mary8/OneDrive/Desktop/SOA/final_project/Eventure/api-Eventure/app/presentation/responses/districts_list.rb": {
        "lines": [
          null,
          null,
          1,
          1,
          null,
          1,
          null,
          null
        ]
      },
      "/mnt/c/Users/mary8/OneDrive/Desktop/SOA/final_project/Eventure/api-Eventure/app/presentation/responses/fetch_api_data.rb": {
        "lines": [
          null,
          null,
          1,
          1,
          null,
          1,
          null
        ]
      },
      "/mnt/c/Users/mary8/OneDrive/Desktop/SOA/final_project/Eventure/api-Eventure/app/presentation/responses/tag_list.rb": {
        "lines": [
          null,
          null,
          1,
          1,
          null,
          1,
          null,
          null
        ]
      },
      "/mnt/c/Users/mary8/OneDrive/Desktop/SOA/final_project/Eventure/api-Eventure/app/application/controllers/activities_controller.rb": {
        "lines": [
          null,
          null,
          1,
          1,
          1,
          null,
          1,
          1,
          null,
          1,
          1,
          0,
          0,
          0,
          0,
          0,
          0,
          null,
          null,
          1,
          0,
          0,
          0,
          0,
          0,
          0,
          0,
          null,
          null,
          1,
          0,
          0,
          null,
          null,
          1,
          0,
          0,
          null,
          null,
          1,
          null,
          1,
          0,
          null,
          0,
          0,
          null,
          null,
          1,
          0,
          null,
          0,
          0,
          null,
          null,
          1,
          0,
          null,
          0,
          0,
          null,
          null,
          1,
          0,
          null,
          0,
          0,
          null,
          null,
          1,
          0,
          null,
          0,
          0,
          null,
          null,
          1,
          0,
          null,
          0,
          0,
          null,
          null,
          1,
          0,
          0,
          null,
          0,
          null,
          null,
          0,
          null,
          null,
          null,
          null
        ]
      },
      "/mnt/c/Users/mary8/OneDrive/Desktop/SOA/final_project/Eventure/api-Eventure/app/application/controllers/app.rb": {
        "lines": [
          null,
          null,
          1,
          null,
          1,
          1,
          null,
          null,
          null,
          1,
          1,
          1,
          1,
          1,
          0,
          0,
          null,
          1,
          null,
          null,
          1,
          1,
          1,
          1,
          1,
          null,
          1,
          10,
          null,
          10,
          1,
          1,
          1,
          null,
          null,
          9,
          9,
          3,
          2,
          null,
          2,
          null,
          2,
          0,
          0,
          0,
          null,
          2,
          2,
          2,
          2,
          null,
          2,
          null,
          null,
          null,
          null,
          1,
          1,
          1,
          1,
          1,
          1,
          null,
          1,
          1,
          1,
          1,
          null,
          0,
          0,
          0,
          null,
          null,
          0,
          0,
          0,
          null,
          null,
          null,
          null,
          null,
          6,
          3,
          3,
          3,
          null,
          null,
          3,
          null,
          null,
          null,
          null,
          null,
          null,
          3,
          3,
          1,
          1,
          1,
          null,
          2,
          null,
          2,
          2,
          null,
          2,
          2,
          2,
          null,
          null,
          null,
          null,
          3,
          1,
          1,
          null,
          1,
          0,
          0,
          0,
          null,
          1,
          1,
          1,
          1,
          1,
          null,
          null,
          null,
          null,
          2,
          1,
          1,
          null,
          1,
          0,
          0,
          0,
          null,
          1,
          1,
          1,
          1,
          1,
          null,
          null,
          null,
          null,
          1,
          1,
          1,
          null,
          1,
          0,
          0,
          0,
          null,
          1,
          1,
          1,
          1,
          1,
          null,
          null,
          null,
          null,
          null,
          null,
          null
        ]
      },
      "/mnt/c/Users/mary8/OneDrive/Desktop/SOA/final_project/Eventure/api-Eventure/app/application/services/api_activities.rb": {
        "lines": [
          null,
          null,
          1,
          1,
          null,
          1,
          1,
          null,
          1,
          1,
          null,
          1,
          1,
          null,
          1,
          1,
          null,
          1,
          1,
          null,
          1,
          null,
          1,
          null,
          1,
          1,
          1,
          null,
          null,
          1,
          null,
          null,
          1,
          null,
          1,
          null,
          null,
          1,
          1,
          null,
          0,
          0,
          0,
          null,
          null,
          null,
          1,
          0,
          null,
          0,
          null,
          null,
          0,
          0,
          null,
          0,
          0,
          0,
          null,
          null,
          1,
          1,
          null,
          1,
          null,
          null,
          1,
          1,
          null,
          0,
          0,
          0,
          null,
          null,
          1,
          1,
          null,
          1,
          null,
          null,
          1,
          1,
          null,
          0,
          0,
          0,
          null,
          null,
          1,
          0,
          null,
          0,
          null,
          null,
          0,
          0,
          null,
          0,
          0,
          0,
          null,
          null,
          1,
          1,
          null,
          1,
          null,
          null,
          1,
          1,
          null,
          0,
          0,
          0,
          null,
          null,
          1,
          1,
          1,
          1,
          null,
          0,
          0,
          null,
          null,
          0,
          null,
          null,
          null,
          null
        ]
      },
      "/mnt/c/Users/mary8/OneDrive/Desktop/SOA/final_project/Eventure/api-Eventure/app/application/requests/keyword_input.rb": {
        "lines": [
          null,
          null,
          1,
          1,
          1,
          null,
          1,
          1,
          null,
          1,
          1,
          null,
          1,
          0,
          null,
          null,
          null,
          1,
          0,
          null,
          null,
          null,
          0,
          null,
          null,
          null,
          null,
          null,
          null,
          null,
          null,
          1,
          0,
          null,
          null,
          null,
          null,
          1,
          0,
          null,
          null,
          null,
          1,
          0,
          null,
          null,
          null,
          null
        ]
      },
      "/mnt/c/Users/mary8/OneDrive/Desktop/SOA/final_project/Eventure/api-Eventure/app/application/services/filtered_activities.rb": {
        "lines": [
          null,
          null,
          1,
          null,
          1,
          1,
          null,
          1,
          1,
          null,
          1,
          1,
          1,
          1,
          1,
          1,
          null,
          1,
          null,
          1,
          null,
          1,
          11,
          11,
          null,
          11,
          null,
          0,
          null,
          null,
          1,
          null,
          11,
          null,
          11,
          1,
          208,
          100,
          null,
          null,
          11,
          null,
          0,
          null,
          null,
          1,
          11,
          11,
          404,
          null,
          11,
          null,
          0,
          null,
          null,
          1,
          11,
          11,
          1,
          0,
          null,
          null,
          11,
          null,
          0,
          null,
          null,
          1,
          11,
          11,
          11,
          null,
          5,
          5,
          null,
          5,
          3,
          null,
          1,
          100,
          100,
          null,
          2,
          0,
          0,
          0,
          null,
          2,
          0,
          0,
          0,
          null,
          null,
          null,
          3,
          null,
          0,
          null,
          null,
          1,
          9,
          9,
          null,
          0,
          null,
          null,
          null,
          1,
          10,
          null,
          6,
          null,
          0,
          null,
          null,
          null,
          null
        ]
      },
      "/mnt/c/Users/mary8/OneDrive/Desktop/SOA/final_project/Eventure/api-Eventure/app/application/services/list_activity.rb": {
        "lines": [
          null,
          null,
          1,
          null,
          1,
          1,
          null,
          1,
          1,
          null,
          1,
          null,
          1,
          null,
          1,
          null,
          1,
          0,
          0,
          0,
          null,
          0,
          0,
          null,
          0,
          null,
          null,
          null,
          null
        ]
      },
      "/mnt/c/Users/mary8/OneDrive/Desktop/SOA/final_project/Eventure/api-Eventure/app/application/services/list_city.rb": {
        "lines": [
          null,
          null,
          1,
          null,
          1,
          1,
          null,
          1,
          1,
          null,
          1,
          null,
          1,
          null,
          1,
          null,
          1,
          1,
          null,
          1,
          1,
          1,
          1,
          null,
          0,
          null,
          null,
          null,
          null
        ]
      },
      "/mnt/c/Users/mary8/OneDrive/Desktop/SOA/final_project/Eventure/api-Eventure/app/application/services/list_district.rb": {
        "lines": [
          null,
          null,
          1,
          null,
          1,
          1,
          null,
          1,
          1,
          null,
          1,
          null,
          1,
          null,
          1,
          null,
          1,
          1,
          1,
          0,
          null,
          1,
          1,
          1,
          null,
          0,
          null,
          null,
          null,
          null
        ]
      },
      "/mnt/c/Users/mary8/OneDrive/Desktop/SOA/final_project/Eventure/api-Eventure/app/application/services/list_tag.rb": {
        "lines": [
          null,
          null,
          1,
          1,
          null,
          1,
          1,
          null,
          1,
          1,
          null,
          1,
          null,
          1,
          null,
          1,
          null,
          1,
          1,
          null,
          1,
          null,
          0,
          null,
          1,
          1,
          1,
          null,
          0,
          null,
          null,
          null,
          null
        ]
      },
      "/mnt/c/Users/mary8/OneDrive/Desktop/SOA/final_project/Eventure/api-Eventure/app/application/services/searched_activities.rb": {
        "lines": [
          null,
          null,
          1,
          null,
          1,
          1,
          null,
          null,
          1,
          1,
          null,
          1,
          1,
          1,
          null,
          1,
          null,
          1,
          null,
          1,
          2,
          2,
          2,
          null,
          0,
          null,
          null,
          1,
          2,
          2,
          0,
          0,
          null,
          null,
          null,
          2,
          null,
          0,
          null,
          0,
          0,
          0,
          null,
          0,
          null,
          0,
          0,
          null,
          0,
          null,
          null,
          0,
          null,
          0,
          null,
          null,
          1,
          2,
          2,
          null,
          null,
          0,
          null,
          null,
          null
        ]
      },
      "/mnt/c/Users/mary8/OneDrive/Desktop/SOA/final_project/Eventure/api-Eventure/app/application/services/toggle_like.rb": {
        "lines": [
          null,
          null,
          1,
          null,
          1,
          1,
          null,
          1,
          1,
          null,
          1,
          1,
          null,
          1,
          0,
          null,
          0,
          0,
          null,
          0,
          0,
          null,
          0,
          null,
          0,
          null,
          null,
          1,
          null,
          1,
          0,
          null,
          null,
          1,
          0,
          0,
          0,
          null,
          0,
          0,
          null,
          null,
          null,
          1,
          0,
          null,
          null,
          null,
          null
        ]
      },
      "/mnt/c/Users/mary8/OneDrive/Desktop/SOA/final_project/Eventure/api-Eventure/app/application/services/update_like_counts.rb": {
        "lines": [
          null,
          null,
          1,
          null,
          1,
          1,
          null,
          1,
          1,
          null,
          1,
          1,
          1,
          1,
          null,
          1,
          null,
          1,
          1,
          null,
          1,
          5,
          5,
          3,
          null,
          2,
          null,
          null,
          null,
          1,
          3,
          3,
          null,
          3,
          null,
          3,
          2,
          2,
          null,
          1,
          1,
          null,
          null,
          3,
          3,
          null,
          3,
          3,
          null,
          0,
          null,
          null,
          1,
          3,
          3,
          null,
          0,
          null,
          null,
          1,
          3,
          null,
          3,
          null,
          0,
          null,
          null,
          null,
          null
        ]
      },
      "/mnt/c/Users/mary8/OneDrive/Desktop/SOA/final_project/Eventure/api-Eventure/app/application/services/update_likes.rb": {
        "lines": [
          null,
          null,
          1,
          1,
          null,
          1,
          1,
          null,
          1,
          1,
          null,
          1,
          1,
          null,
          1,
          0,
          0,
          0,
          0,
          null,
          null,
          1,
          null,
          1,
          0,
          0,
          null,
          0,
          null,
          null,
          1,
          0,
          null,
          0,
          0,
          null,
          0,
          null,
          null,
          0,
          null,
          null,
          null,
          null,
          null,
          null,
          null,
          null,
          null,
          1,
          0,
          0,
          null,
          0,
          null,
          null,
          0,
          0,
          null,
          0,
          null,
          null,
          null,
          null
        ]
      }
    },
    "timestamp": 1766274136
  }
}
